{"/Users/dhruvchoudhary/framework/unit_test/unwinding-and-refactoring/index.js":{"path":"/Users/dhruvchoudhary/framework/unit_test/unwinding-and-refactoring/index.js","s":{"1":1,"2":1,"3":2,"4":1,"5":2,"6":1,"7":2,"8":2,"9":2,"10":2,"11":1,"12":1,"13":1,"14":1,"15":1,"16":1,"17":1,"18":13,"19":13,"20":13,"21":13,"22":13,"23":13,"24":13,"25":13,"26":10001,"27":10001,"28":10001,"29":10001,"30":0,"31":0,"32":0,"33":0,"34":0,"35":2,"36":2,"37":1,"38":0,"39":0,"40":0,"41":0,"42":0,"43":0,"44":14,"45":14,"46":29,"47":29,"48":15,"49":14,"50":14,"51":14,"52":14,"53":14,"54":14,"55":1,"56":1,"57":1,"58":1,"59":1,"60":1,"61":1,"62":2,"63":1},"b":{"1":[1,1],"2":[0,0],"3":[0,0],"4":[15,14]},"f":{"1":13,"2":10001,"3":0,"4":2,"5":0,"6":14,"7":14,"8":14,"9":1},"fnMap":{"1":{"name":"(anonymous_1)","line":34,"loc":{"start":{"line":34,"column":15},"end":{"line":35,"column":4}}},"2":{"name":"(anonymous_2)","line":46,"loc":{"start":{"line":46,"column":19},"end":{"line":47,"column":4}}},"3":{"name":"(anonymous_3)","line":56,"loc":{"start":{"line":56,"column":10},"end":{"line":57,"column":4}}},"4":{"name":"(anonymous_4)","line":65,"loc":{"start":{"line":65,"column":16},"end":{"line":66,"column":4}}},"5":{"name":"(anonymous_5)","line":74,"loc":{"start":{"line":74,"column":19},"end":{"line":75,"column":4}}},"6":{"name":"(anonymous_6)","line":90,"loc":{"start":{"line":90,"column":22},"end":{"line":91,"column":4}}},"7":{"name":"(anonymous_7)","line":106,"loc":{"start":{"line":106,"column":15},"end":{"line":107,"column":4}}},"8":{"name":"(anonymous_8)","line":115,"loc":{"start":{"line":115,"column":15},"end":{"line":116,"column":4}}},"9":{"name":"setupPerson","line":126,"loc":{"start":{"line":126,"column":0},"end":{"line":127,"column":0}}}},"statementMap":{"1":{"start":{"line":1,"column":0},"end":{"line":1,"column":28}},"2":{"start":{"line":3,"column":0},"end":{"line":3,"column":43}},"3":{"start":{"line":3,"column":29},"end":{"line":3,"column":42}},"4":{"start":{"line":4,"column":0},"end":{"line":4,"column":35}},"5":{"start":{"line":4,"column":33},"end":{"line":4,"column":34}},"6":{"start":{"line":5,"column":0},"end":{"line":13,"column":2}},"7":{"start":{"line":7,"column":4},"end":{"line":7,"column":18}},"8":{"start":{"line":8,"column":4},"end":{"line":11,"column":5}},"9":{"start":{"line":10,"column":8},"end":{"line":10,"column":59}},"10":{"start":{"line":12,"column":4},"end":{"line":12,"column":17}},"11":{"start":{"line":14,"column":0},"end":{"line":30,"column":2}},"12":{"start":{"line":20,"column":4},"end":{"line":20,"column":54}},"13":{"start":{"line":21,"column":4},"end":{"line":21,"column":30}},"14":{"start":{"line":22,"column":4},"end":{"line":22,"column":32}},"15":{"start":{"line":23,"column":4},"end":{"line":23,"column":58}},"16":{"start":{"line":24,"column":4},"end":{"line":24,"column":30}},"17":{"start":{"line":25,"column":4},"end":{"line":29,"column":6}},"18":{"start":{"line":36,"column":8},"end":{"line":36,"column":25}},"19":{"start":{"line":37,"column":8},"end":{"line":37,"column":33}},"20":{"start":{"line":38,"column":8},"end":{"line":38,"column":35}},"21":{"start":{"line":39,"column":8},"end":{"line":39,"column":41}},"22":{"start":{"line":40,"column":8},"end":{"line":40,"column":43}},"23":{"start":{"line":41,"column":8},"end":{"line":41,"column":35}},"24":{"start":{"line":42,"column":8},"end":{"line":42,"column":34}},"25":{"start":{"line":43,"column":8},"end":{"line":43,"column":28}},"26":{"start":{"line":48,"column":8},"end":{"line":48,"column":22}},"27":{"start":{"line":49,"column":8},"end":{"line":52,"column":9}},"28":{"start":{"line":51,"column":12},"end":{"line":51,"column":54}},"29":{"start":{"line":53,"column":8},"end":{"line":53,"column":21}},"30":{"start":{"line":58,"column":8},"end":{"line":58,"column":42}},"31":{"start":{"line":59,"column":8},"end":{"line":59,"column":30}},"32":{"start":{"line":60,"column":8},"end":{"line":60,"column":36}},"33":{"start":{"line":61,"column":8},"end":{"line":61,"column":62}},"34":{"start":{"line":62,"column":8},"end":{"line":62,"column":29}},"35":{"start":{"line":67,"column":8},"end":{"line":67,"column":34}},"36":{"start":{"line":68,"column":8},"end":{"line":71,"column":9}},"37":{"start":{"line":70,"column":12},"end":{"line":70,"column":38}},"38":{"start":{"line":76,"column":8},"end":{"line":83,"column":9}},"39":{"start":{"line":78,"column":12},"end":{"line":78,"column":38}},"40":{"start":{"line":79,"column":12},"end":{"line":82,"column":13}},"41":{"start":{"line":81,"column":16},"end":{"line":81,"column":44}},"42":{"start":{"line":84,"column":8},"end":{"line":87,"column":9}},"43":{"start":{"line":86,"column":12},"end":{"line":86,"column":38}},"44":{"start":{"line":92,"column":8},"end":{"line":92,"column":28}},"45":{"start":{"line":93,"column":8},"end":{"line":100,"column":9}},"46":{"start":{"line":95,"column":12},"end":{"line":95,"column":41}},"47":{"start":{"line":96,"column":12},"end":{"line":99,"column":13}},"48":{"start":{"line":98,"column":16},"end":{"line":98,"column":46}},"49":{"start":{"line":108,"column":8},"end":{"line":108,"column":25}},"50":{"start":{"line":109,"column":8},"end":{"line":109,"column":27}},"51":{"start":{"line":117,"column":8},"end":{"line":117,"column":25}},"52":{"start":{"line":118,"column":8},"end":{"line":118,"column":27}},"53":{"start":{"line":119,"column":8},"end":{"line":119,"column":47}},"54":{"start":{"line":120,"column":8},"end":{"line":120,"column":43}},"55":{"start":{"line":124,"column":0},"end":{"line":124,"column":11}},"56":{"start":{"line":126,"column":0},"end":{"line":131,"column":1}},"57":{"start":{"line":128,"column":4},"end":{"line":128,"column":47}},"58":{"start":{"line":129,"column":4},"end":{"line":129,"column":55}},"59":{"start":{"line":130,"column":4},"end":{"line":130,"column":75}},"60":{"start":{"line":133,"column":0},"end":{"line":133,"column":14}},"61":{"start":{"line":135,"column":0},"end":{"line":135,"column":24}},"62":{"start":{"line":135,"column":17},"end":{"line":135,"column":23}},"63":{"start":{"line":136,"column":0},"end":{"line":145,"column":1}}},"branchMap":{"1":{"line":68,"type":"if","locations":[{"start":{"line":68,"column":8},"end":{"line":68,"column":8}},{"start":{"line":68,"column":8},"end":{"line":68,"column":8}}]},"2":{"line":79,"type":"if","locations":[{"start":{"line":79,"column":12},"end":{"line":79,"column":12}},{"start":{"line":79,"column":12},"end":{"line":79,"column":12}}]},"3":{"line":84,"type":"if","locations":[{"start":{"line":84,"column":8},"end":{"line":84,"column":8}},{"start":{"line":84,"column":8},"end":{"line":84,"column":8}}]},"4":{"line":96,"type":"if","locations":[{"start":{"line":96,"column":12},"end":{"line":96,"column":12}},{"start":{"line":96,"column":12},"end":{"line":96,"column":12}}]}}}}