TN:
SF:/Users/dhruvchoudhary/framework/unit_test/unwinding-and-refactoring/index.js
FN:34,(anonymous_1)
FN:46,(anonymous_2)
FN:56,(anonymous_3)
FN:65,(anonymous_4)
FN:74,(anonymous_5)
FN:90,(anonymous_6)
FN:106,(anonymous_7)
FN:115,(anonymous_8)
FN:126,setupPerson
FNF:9
FNH:7
FNDA:13,(anonymous_1)
FNDA:10001,(anonymous_2)
FNDA:0,(anonymous_3)
FNDA:2,(anonymous_4)
FNDA:0,(anonymous_5)
FNDA:14,(anonymous_6)
FNDA:14,(anonymous_7)
FNDA:14,(anonymous_8)
FNDA:1,setupPerson
DA:1,1
DA:3,2
DA:4,2
DA:5,1
DA:7,2
DA:8,2
DA:10,2
DA:12,2
DA:14,1
DA:20,1
DA:21,1
DA:22,1
DA:23,1
DA:24,1
DA:25,1
DA:36,13
DA:37,13
DA:38,13
DA:39,13
DA:40,13
DA:41,13
DA:42,13
DA:43,13
DA:48,10001
DA:49,10001
DA:51,10001
DA:53,10001
DA:58,0
DA:59,0
DA:60,0
DA:61,0
DA:62,0
DA:67,2
DA:68,2
DA:70,1
DA:76,0
DA:78,0
DA:79,0
DA:81,0
DA:84,0
DA:86,0
DA:92,14
DA:93,14
DA:95,29
DA:96,29
DA:98,15
DA:108,14
DA:109,14
DA:117,14
DA:118,14
DA:119,14
DA:120,14
DA:124,1
DA:126,1
DA:128,1
DA:129,1
DA:130,1
DA:133,1
DA:135,2
DA:136,1
LF:60
LH:49
BRDA:68,1,0,1
BRDA:68,1,1,1
BRDA:79,2,0,0
BRDA:79,2,1,0
BRDA:84,3,0,0
BRDA:84,3,1,0
BRDA:96,4,0,15
BRDA:96,4,1,14
BRF:8
BRH:4
end_of_record
